[AVISO] El túnel 'T_PRO.sh' (PID 266556) se ha caído o terminado.
[AVISO] El túnel 'T_PRO.sh' (PID 457891) se ha caído o terminado.
[AVISO] El túnel 'T_PRO.sh' (PID 708811) se ha caído o terminado.
[AVISO] El túnel 'VDP_PRO.sh' (PID 31697) se ha caído o terminado.
[AVISO] El túnel 'VDP_DES.sh' (PID 85143) se ha caído o terminado.
[AVISO] El túnel 'VDP_DES.sh' (PID 334200) se ha caído o terminado.
[AVISO] El túnel 'VDP_DES.sh' (PID 569042) se ha caído o terminado.
[AVISO] El túnel 'VDP_DES.sh' (PID 813986) se ha caído o terminado.
[AVISO] El túnel 'K_PRO.sh' (PID 248477) se ha caído o terminado.
[AVISO] El túnel 'K_PRO.sh' (PID 670704) se ha caído o terminado.
[AVISO] El túnel 'K_INT.sh' (PID 243648) se ha caído o terminado.
[AVISO] El túnel 'K_INT.sh' (PID 496622) se ha caído o terminado.
[AVISO] El túnel 'K_INT.sh' (PID 11431) se ha caído o terminado.
[AVISO] El túnel 'K_INT.sh' (PID 469534) se ha caído o terminado.
[AVISO] El túnel 'VITRIA_CAPITA.sh' (PID 473750) se ha caído o terminado.
[AVISO] El túnel 'T_PRO.sh' (PID 38056) se ha caído o terminado.
[AVISO] El túnel 'Tcnet_INT.sh' (PID 656666) se ha caído o terminado.
[AVISO] El túnel 'Tcnet_INT.sh' (PID 1259291) se ha caído o terminado.
[AVISO] El túnel 'Tcnet_INT.sh' (PID 119175) se ha caído o terminado.
[AVISO] El túnel 'Tcnet_INT.sh' (PID 475435) se ha caído o terminado.
[AVISO] El túnel 'K_INT.sh' (PID 82271) se ha caído o terminado.
[AVISO] El túnel 'K_INT.sh' (PID 422170) se ha caído o terminado.
[AVISO] El túnel 'K_INT.sh' (PID 182967) se ha caído o terminado.
[AVISO] El túnel 'VDP_DES.sh' (PID 183604) se ha caído o terminado.
[AVISO] El túnel 'K_INT.sh' (PID 562685) se ha caído o terminado.
[AVISO] El túnel 'ORACLE_PRO.sh' (PID 567232) se ha caído o terminado.
[AVISO] El túnel 'SHOPA_R_PRO.sh' (PID 841434) se ha caído o terminado.
[AVISO] El túnel 'SHOPA_R_PRO.sh' (PID 844423) se ha caído o terminado.
[AVISO] El túnel 'SHOPA_R_PRO.sh' (PID 847399) se ha caído o terminado.
[AVISO] El túnel 'SHOPA_R_PRO.sh' (PID 849636) se ha caído o terminado.
[AVISO] El túnel 'SHOPA_R_PRO.sh' (PID 852290) se ha caído o terminado.
[AVISO] El túnel 'SHOPA_R_PRO.sh' (PID 855355) se ha caído o terminado.
[AVISO] El túnel 'SHOPA_R_PRO.sh' (PID 858357) se ha caído o terminado.
[AVISO] El túnel 'SHOPA_R_PRO.sh' (PID 861481) se ha caído o terminado.
[AVISO] El túnel 'SHOPA_R_PRO.sh' (PID 864544) se ha caído o terminado.
[AVISO] El túnel 'VDP_DES.sh' (PID 606228) se ha caído o terminado.
[AVISO] El túnel 'VDP_DES.sh' (PID 70948) se ha caído o terminado.
[AVISO] El túnel 'SPONET_MEQ_PRO.sh' (PID 241044) se ha caído o terminado.
[AVISO] El túnel 'SPONET_MEQ_PRO.sh' (PID 244019) se ha caído o terminado.
[AVISO] El túnel 'SPONET_MEQ_PRO.sh' (PID 246892) se ha caído o terminado.
[AVISO] El túnel 'SPONET_MEQ_PRO.sh' (PID 249844) se ha caído o terminado.
[AVISO] El túnel 'VDP_DES.sh' (PID 9274) se ha caído o terminado.
[AVISO] El túnel 'K_INT.sh' (PID 109320) se ha caído o terminado.
[AVISO] El túnel 'K_INT.sh' (PID 533960) se ha caído o terminado.
[AVISO] El túnel 'K_INT.sh' (PID 856031) se ha caído o terminado.
[AVISO] El túnel 'VDP_DES.sh' (PID 27983) se ha caído o terminado.
[AVISO] El túnel 'VDP_DES.sh' (PID 466894) se ha caído o terminado.
[AVISO] El túnel 'VDP_DES.sh' (PID 437920) se ha caído o terminado.
[AVISO] El túnel 'VDP_PRO.sh' (PID 19218) se ha caído o terminado.
[AVISO] El túnel 'VDP_PRO.sh' (PID 247014) se ha caído o terminado.
[AVISO] El túnel 'VDP_DES.sh' (PID 31335) se ha caído o terminado.
[AVISO] El túnel 'ORACLE_PRO.sh' (PID 6758) se ha caído o terminado.
[AVISO] El túnel 'ORACLE_PRO.sh' (PID 193427) se ha caído o terminado.
[AVISO] El túnel 'ORACLE_PRO.sh' (PID 437209) se ha caído o terminado.
[AVISO] El túnel 'VDP_DES.sh' (PID 10380) se ha caído o terminado.
[AVISO] El túnel 'VDP_DES.sh' (PID 15627) se ha caído o terminado.
[AVISO] El túnel 'VDP_DES.sh' (PID 21847) se ha caído o terminado.
[AVISO] El túnel 'VDP_DES.sh' (PID 28072) se ha caído o terminado.
[AVISO] El túnel 'VDP_DES.sh' (PID 34410) se ha caído o terminado.
[AVISO] El túnel 'VDP_DES.sh' (PID 40741) se ha caído o terminado.
[AVISO] El túnel 'VDP_DES.sh' (PID 47129) se ha caído o terminado.
[AVISO] El túnel 'VDP_DES.sh' (PID 53448) se ha caído o terminado.
[AVISO] El túnel 'VDP_DES.sh' (PID 59843) se ha caído o terminado.
[AVISO] El túnel 'VDP_DES.sh' (PID 66203) se ha caído o terminado.
[AVISO] El túnel 'VDP_DES.sh' (PID 72517) se ha caído o terminado.
[AVISO] El túnel 'VDP_DES.sh' (PID 79016) se ha caído o terminado.
[AVISO] El túnel 'VDP_DES.sh' (PID 8845) se ha caído o terminado.
[AVISO] El túnel 'VDP_DES.sh' (PID 14921) se ha caído o terminado.
[AVISO] El túnel 'VDP_DES.sh' (PID 644565) se ha caído o terminado.
[AVISO] El túnel 'VDP_DES.sh' (PID 650915) se ha caído o terminado.
[AVISO] El túnel 'VDP_DES.sh' (PID 657065) se ha caído o terminado.
[AVISO] El túnel 'VDP_DES.sh' (PID 8499) se ha caído o terminado.
[AVISO] El túnel 'VDP_PRO.sh' (PID 830092) se ha caído o terminado.
[AVISO] El túnel 'VDP_DES.sh' (PID 135575) se ha caído o terminado.
[AVISO] El túnel 'VDP_PRO.sh' (PID 585623) se ha caído o terminado.
[AVISO] El túnel 'ORACLE_PRO.sh' (PID 616451) se ha caído o terminado.
[AVISO] El túnel 'VDP_DES.sh' (PID 667430) se ha caído o terminado.
[AVISO] El túnel 'JUMPBOX.sh' (PID 50642) se ha caído o terminado.
[AVISO] El túnel 'JUMPBOX.sh' (PID 52692) se ha caído o terminado.
[AVISO] El túnel 'JUMPBOX.sh' (PID 54418) se ha caído o terminado.
[AVISO] El túnel 'JUMPBOX.sh' (PID 56255) se ha caído o terminado.
